<testsuite errors="1" failures="0" hostname="abarroso.remote.csb" name="order_history.Order History" skipped="0" tests="1" time="9.542447" timestamp="2022-03-30T10:26:36.642613"><testcase classname="order_history.Order History" name="Order History" status="failed" time="9.542447"><error message="Message: no such element: Unable to locate element: {&quot;method&quot;:&quot;css selector&quot;,&quot;selector&quot;:&quot;[id=&quot;email&quot;]&quot;}&#10;  (Session info: chrome=98.0.4758.80)&#10;" type="NoSuchElementException">
<![CDATA[
Failing step: Given login name "allan.barroso@outlook.com" and password newstar1541 ... failed in 4.825s
Location: order_history.feature:9
Traceback (most recent call last):
  File "/usr/local/lib/python3.6/site-packages/behave/model.py", line 1329, in run
    match.run(runner.context)
  File "/usr/local/lib/python3.6/site-packages/behave/matchers.py", line 98, in run
    self.func(context, *args, **kwargs)
  File "steps/login.py", line 16, in step_impl
    context.browser.find_element_by_id("email").click()
  File "/usr/local/lib/python3.6/site-packages/selenium/webdriver/remote/webdriver.py", line 360, in find_element_by_id
    return self.find_element(by=By.ID, value=id_)
  File "/usr/local/lib/python3.6/site-packages/selenium/webdriver/remote/webdriver.py", line 978, in find_element
    'value': value})['value']
  File "/usr/local/lib/python3.6/site-packages/selenium/webdriver/remote/webdriver.py", line 321, in execute
    self.error_handler.check_response(response)
  File "/usr/local/lib/python3.6/site-packages/selenium/webdriver/remote/errorhandler.py", line 242, in check_response
    raise exception_class(message, screen, stacktrace)
selenium.common.exceptions.NoSuchElementException: Message: no such element: Unable to locate element: {"method":"css selector","selector":"[id="email"]"}
  (Session info: chrome=98.0.4758.80)

]]>
</error><system-out>
<![CDATA[
@scenario.begin
  Scenario: Order History
    Given web address "http://automationpractice.com/index.php" ... passed in 4.717s
    Given login name "allan.barroso@outlook.com" and password newstar1541 ... failed in 4.825s
    When i press the sing in button ... skipped in 0.000s
    When i navigate to my account page ... skipped in 0.000s
    When i navigate to my order history ... skipped in 0.000s
    Then i should be able to see my order history page ... skipped in 0.000s

@scenario.end
--------------------------------------------------------------------------------
]]>
</system-out></testcase></testsuite>