<testsuite errors="1" failures="0" hostname="abarroso.remote.csb" name="wishlist_iten_add.Wishlist" skipped="0" tests="1" time="21.44482" timestamp="2022-03-30T10:28:52.031745"><testcase classname="wishlist_iten_add.Wishlist" name="Wishlist add iten" status="failed" time="21.44482"><error message="Message: no such element: Unable to locate element: {&quot;method&quot;:&quot;xpath&quot;,&quot;selector&quot;:&quot;//body[@id='product']/div[2]/div/div/a&quot;}&#10;  (Session info: chrome=98.0.4758.80)&#10;" type="NoSuchElementException">
<![CDATA[
Failing step: When i select a dress and add it to wishlist ... failed in 2.680s
Location: wishlist_iten_add.feature:11
Traceback (most recent call last):
  File "/usr/local/lib/python3.6/site-packages/behave/model.py", line 1329, in run
    match.run(runner.context)
  File "/usr/local/lib/python3.6/site-packages/behave/matchers.py", line 98, in run
    self.func(context, *args, **kwargs)
  File "steps/wishlist_iten_add.py", line 10, in step_impl
    context.browser.find_element_by_xpath("//body[@id='product']/div[2]/div/div/a").click()
  File "/usr/local/lib/python3.6/site-packages/selenium/webdriver/remote/webdriver.py", line 394, in find_element_by_xpath
    return self.find_element(by=By.XPATH, value=xpath)
  File "/usr/local/lib/python3.6/site-packages/selenium/webdriver/remote/webdriver.py", line 978, in find_element
    'value': value})['value']
  File "/usr/local/lib/python3.6/site-packages/selenium/webdriver/remote/webdriver.py", line 321, in execute
    self.error_handler.check_response(response)
  File "/usr/local/lib/python3.6/site-packages/selenium/webdriver/remote/errorhandler.py", line 242, in check_response
    raise exception_class(message, screen, stacktrace)
selenium.common.exceptions.NoSuchElementException: Message: no such element: Unable to locate element: {"method":"xpath","selector":"//body[@id='product']/div[2]/div/div/a"}
  (Session info: chrome=98.0.4758.80)

]]>
</error><system-out>
<![CDATA[
@scenario.begin
  Scenario: Wishlist add iten
    Given web address "http://automationpractice.com/index.php" ... passed in 5.627s
    Given login name "allan.barroso@outlook.com" and password newstar1541 ... passed in 6.177s
    When i press the sing in button ... passed in 3.614s
    When i navigate to dress session ... passed in 3.347s
    When i select a dress and add it to wishlist ... failed in 2.680s
    When i select a second dress and add it to wishlist ... skipped in 0.000s
    When i navigate to the wishlist ... skipped in 0.000s
    Then the itens should be in the wishlist ... skipped in 0.000s

@scenario.end
--------------------------------------------------------------------------------
]]>
</system-out></testcase></testsuite>